-------------------------------------------------------------------------------
Test set: CreateUserTest
-------------------------------------------------------------------------------
Tests run: 4, Failures: 1, Errors: 0, Skipped: 0, Time elapsed: 8.486 s <<< FAILURE! - in CreateUserTest
successfulCreationShouldReturn201Test(CreateUserTest)  Time elapsed: 3.315 s  <<< FAILURE!
java.lang.AssertionError: 
1 expectation failed.
Expected status code <201> but was <200>.

	at CreateUserTest.successfulCreationShouldReturn201Test(CreateUserTest.java:26)

