<?xml version="1.0" encoding="UTF-8"?>
<testsuite xmlns:xsi="http://www.w3.org/2001/XMLSchema-instance" xsi:noNamespaceSchemaLocation="https://maven.apache.org/surefire/maven-surefire-plugin/xsd/surefire-test-report.xsd" name="CreateUserTest" time="8.486" tests="4" errors="0" skipped="0" failures="1">
  <properties>
[...]
</properties>
  <testcase name="doubleCreationWithTheSameDataShouldReturn403WithValidMessageTest" classname="CreateUserTest" time="2.095"/>
  <testcase name="doubleCreationWithoutNameShouldReturn403WithValidMessageTest" classname="CreateUserTest" time="0.902"/>
  <testcase name="successfulCreationShouldReturnValidBodyTest" classname="CreateUserTest" time="2.144"/>
  <testcase name="successfulCreationShouldReturn201Test" classname="CreateUserTest" time="3.315">
    <failure message="1 expectation failed.&#10;Expected status code &lt;201&gt; but was &lt;200&gt;.&#10;" type="java.lang.AssertionError"><![CDATA[java.lang.AssertionError: 
1 expectation failed.
Expected status code <201> but was <200>.

	at CreateUserTest.successfulCreationShouldReturn201Test(CreateUserTest.java:26)
]]></failure>
    <system-out><![CDATA[Request method:	POST
Request URI:	https://stellarburgers.nomoreparties.site/api/auth/register
Proxy:			<none>
Request params:	<none>
Query params:	<none>
Form params:	<none>
Path params:	<none>
Headers:		Accept=*/*
				Content-Type=application/json
Cookies:		<none>
Multiparts:		<none>
Body:
{
    "email": "qwerty@qwe.ru",
    "password": "2345",
    "name": "simpson"
}

HTTP/1.1 200 OK
Date: Sun, 04 Dec 2022 07:49:43 GMT
Content-Type: application/json; charset=utf-8
Transfer-Encoding: chunked
Connection: keep-alive
X-Powered-By: Express
Access-Control-Allow-Origin: *
authorization: Bearer eyJhbGciOiJIUzI1NiIsInR5cCI6IkpXVCJ9.eyJpZCI6IjYzOGM1MTE3YzE2MWRhMDAxYjc5MjVkMCIsImlhdCI6MTY3MDE0MDE4MywiZXhwIjoxNjcwMTQxMzgzfQ.iW9_4jAlAz5-2IpE6C20RTrrY_m_ZDnAogCcbYxMrNQ
ETag: W/"167-+HBbbKAi+Nx/QKhiuauWr4GL/bw"
CF-Cache-Status: DYNAMIC
Report-To: {"endpoints":[{"url":"https:\/\/a.nel.cloudflare.com\/report\/v3?s=j7ljO3x8%2BUFRyqVvw1aydy7PSrj77onTGwajKYv7SFBqRtZHD6eW2xqaWKk9uChyC%2FOErDBnQxvYQXqqu0hnPOqf5zJP%2Fu%2Bv7nOR%2FOpaCPIICTpG%2Fy6c4CzbS9gSp4GGIpQXYJfjym7bi%2BjJcKtNxeX3ohk%3D"}],"group":"cf-nel","max_age":604800}
NEL: {"success_fraction":0,"report_to":"cf-nel","max_age":604800}
Server: cloudflare
CF-RAY: 7742f26f6856b74f-AMS
Content-Encoding: gzip
alt-svc: h3=":443"; ma=86400, h3-29=":443"; ma=86400

{
    "success": true,
    "user": {
        "email": "qwerty@qwe.ru",
        "name": "simpson"
    },
    "accessToken": "Bearer eyJhbGciOiJIUzI1NiIsInR5cCI6IkpXVCJ9.eyJpZCI6IjYzOGM1MTE3YzE2MWRhMDAxYjc5MjVkMCIsImlhdCI6MTY3MDE0MDE4MywiZXhwIjoxNjcwMTQxMzgzfQ.iW9_4jAlAz5-2IpE6C20RTrrY_m_ZDnAogCcbYxMrNQ",
    "refreshToken": "35ec1335d003da3cb0a661d68b1a5b3c3d04f5798b2592b5dc37c85ce2d45b7c942fcc407ab7973d"
}
]]></system-out>
  </testcase>
</testsuite>